{
  "RSpec": {
    "coverage": {
      "/Users/corbinpage/zdev/milkman/app/controllers/measurements_controller.rb": [
        1,
        1,
        1,
        null,
        null,
        null,
        null,
        1,
        0,
        0,
        null,
        null,
        null,
        null,
        1,
        null,
        null,
        null,
        1,
        0,
        null,
        null,
        null,
        1,
        null,
        null,
        null,
        null,
        1,
        null,
        0,
        null,
        0,
        0,
        0,
        0,
        null,
        0,
        0,
        null,
        null,
        null,
        null,
        null,
        null,
        1,
        0,
        0,
        0,
        0,
        null,
        0,
        0,
        null,
        null,
        null,
        null,
        null,
        null,
        1,
        0,
        0,
        0,
        0,
        null,
        null,
        null,
        1,
        null,
        1,
        0,
        null,
        null,
        null,
        1,
        0,
        null,
        null,
        null
      ],
      "/Users/corbinpage/zdev/milkman/app/controllers/application_controller.rb": [
        1,
        null,
        null,
        1,
        null
      ],
      "/Users/corbinpage/zdev/milkman/app/models/container.rb": [
        1,
        1,
        null,
        1,
        0,
        null,
        null,
        null
      ],
      "/Users/corbinpage/zdev/milkman/app/models/measurement.rb": [
        1,
        1,
        1,
        null,
        1,
        1,
        null,
        1,
        8,
        8,
        null,
        8,
        8,
        null,
        null,
        1,
        null,
        null,
        1,
        null,
        1,
        1,
        1,
        null,
        null,
        1,
        null,
        1,
        0,
        null,
        null,
        null,
        0,
        null,
        null,
        null,
        null,
        1,
        null,
        null,
        null,
        null,
        null,
        null,
        null,
        1,
        1,
        null,
        null,
        1,
        null,
        null,
        1,
        9,
        null,
        null,
        null
      ]
    },
    "timestamp": 1396387632
  }
}
